<?xml version="1.0" encoding="utf-8"?>
<coverage line-rate="1" branch-rate="0.9865999999999999" version="1.9" timestamp="1693428830" lines-covered="574" lines-valid="574" branches-covered="222" branches-valid="225">
  <sources>
    <source></source>
  </sources>
  <packages>
    <package name="Keda.Scaler.DurableTask.AzureStorage" line-rate="1" branch-rate="0.9865999999999999" complexity="326">
      <classes>
        <class name="Microsoft.Extensions.DependencyInjection.IServiceCollectionExtensions" filename="C:\Git\durabletask-azurestorage-scaler\src\Keda.Scaler.DurableTask.AzureStorage\Extensions\IServiceCollection.Extensions.cs" line-rate="1" branch-rate="1" complexity="2">
          <methods>
            <method name="AddDurableTaskScaler" signature="(Microsoft.Extensions.DependencyInjection.IServiceCollection)" line-rate="1" branch-rate="1" complexity="2">
              <lines>
                <line number="17" hits="2" branch="False" />
                <line number="18" hits="2" branch="True" condition-coverage="100% (2/2)">
                  <conditions>
                    <condition number="7" type="jump" coverage="100%" />
                  </conditions>
                </line>
                <line number="19" hits="1" branch="False" />
                <line number="21" hits="1" branch="False" />
                <line number="22" hits="1" branch="False" />
                <line number="23" hits="1" branch="False" />
                <line number="24" hits="1" branch="False" />
                <line number="25" hits="1" branch="False" />
                <line number="27" hits="1" branch="False" />
                <line number="28" hits="1" branch="False" />
              </lines>
            </method>
          </methods>
          <lines>
            <line number="17" hits="2" branch="False" />
            <line number="18" hits="2" branch="True" condition-coverage="100% (2/2)">
              <conditions>
                <condition number="7" type="jump" coverage="100%" />
              </conditions>
            </line>
            <line number="19" hits="1" branch="False" />
            <line number="21" hits="1" branch="False" />
            <line number="22" hits="1" branch="False" />
            <line number="23" hits="1" branch="False" />
            <line number="24" hits="1" branch="False" />
            <line number="25" hits="1" branch="False" />
            <line number="27" hits="1" branch="False" />
            <line number="28" hits="1" branch="False" />
          </lines>
        </class>
        <class name="Keda.Scaler.DurableTask.AzureStorage.DurableTaskAzureStorageScalerService" filename="C:\Git\durabletask-azurestorage-scaler\src\Keda.Scaler.DurableTask.AzureStorage\DurableTaskAzureStorageScalerService.cs" line-rate="1" branch-rate="1" complexity="6">
          <methods>
            <method name="GetMetricSpec" signature="(Keda.Scaler.DurableTask.AzureStorage.ScaledObjectRef,Grpc.Core.ServerCallContext)" line-rate="1" branch-rate="1" complexity="4">
              <lines>
                <line number="132" hits="3" branch="False" />
                <line number="133" hits="3" branch="True" condition-coverage="100% (2/2)">
                  <conditions>
                    <condition number="7" type="jump" coverage="100%" />
                  </conditions>
                </line>
                <line number="134" hits="1" branch="False" />
                <line number="136" hits="2" branch="True" condition-coverage="100% (2/2)">
                  <conditions>
                    <condition number="26" type="jump" coverage="100%" />
                  </conditions>
                </line>
                <line number="137" hits="1" branch="False" />
                <line number="139" hits="1" branch="False" />
                <line number="140" hits="1" branch="False" />
                <line number="141" hits="1" branch="False" />
                <line number="142" hits="1" branch="False" />
                <line number="143" hits="1" branch="False" />
                <line number="145" hits="1" branch="False" />
                <line number="146" hits="1" branch="False" />
                <line number="147" hits="1" branch="False" />
                <line number="148" hits="1" branch="False" />
                <line number="149" hits="1" branch="False" />
                <line number="150" hits="1" branch="False" />
                <line number="151" hits="1" branch="False" />
                <line number="152" hits="1" branch="False" />
                <line number="153" hits="1" branch="False" />
                <line number="154" hits="1" branch="False" />
                <line number="155" hits="1" branch="False" />
                <line number="156" hits="1" branch="False" />
                <line number="157" hits="1" branch="False" />
                <line number="158" hits="1" branch="False" />
              </lines>
            </method>
            <method name=".ctor" signature="(System.IServiceProvider)" line-rate="1" branch-rate="1" complexity="2">
              <lines>
                <line number="58" hits="7" branch="False" />
                <line number="59" hits="7" branch="False" />
                <line number="60" hits="7" branch="True" condition-coverage="100% (2/2)">
                  <conditions>
                    <condition number="11" type="jump" coverage="100%" />
                  </conditions>
                </line>
                <line number="61" hits="6" branch="False" />
                <line number="62" hits="5" branch="False" />
                <line number="63" hits="5" branch="False" />
                <line number="64" hits="5" branch="False" />
                <line number="65" hits="5" branch="False" />
              </lines>
            </method>
          </methods>
          <lines>
            <line number="132" hits="3" branch="False" />
            <line number="133" hits="3" branch="True" condition-coverage="100% (2/2)">
              <conditions>
                <condition number="7" type="jump" coverage="100%" />
              </conditions>
            </line>
            <line number="134" hits="1" branch="False" />
            <line number="136" hits="2" branch="True" condition-coverage="100% (2/2)">
              <conditions>
                <condition number="26" type="jump" coverage="100%" />
              </conditions>
            </line>
            <line number="137" hits="1" branch="False" />
            <line number="139" hits="1" branch="False" />
            <line number="140" hits="1" branch="False" />
            <line number="141" hits="1" branch="False" />
            <line number="142" hits="1" branch="False" />
            <line number="143" hits="1" branch="False" />
            <line number="145" hits="1" branch="False" />
            <line number="146" hits="1" branch="False" />
            <line number="147" hits="1" branch="False" />
            <line number="148" hits="1" branch="False" />
            <line number="149" hits="1" branch="False" />
            <line number="150" hits="1" branch="False" />
            <line number="151" hits="1" branch="False" />
            <line number="152" hits="1" branch="False" />
            <line number="153" hits="1" branch="False" />
            <line number="154" hits="1" branch="False" />
            <line number="155" hits="1" branch="False" />
            <line number="156" hits="1" branch="False" />
            <line number="157" hits="1" branch="False" />
            <line number="158" hits="1" branch="False" />
            <line number="58" hits="7" branch="False" />
            <line number="59" hits="7" branch="False" />
            <line number="60" hits="7" branch="True" condition-coverage="100% (2/2)">
              <conditions>
                <condition number="11" type="jump" coverage="100%" />
              </conditions>
            </line>
            <line number="61" hits="6" branch="False" />
            <line number="62" hits="5" branch="False" />
            <line number="63" hits="5" branch="False" />
            <line number="64" hits="5" branch="False" />
            <line number="65" hits="5" branch="False" />
          </lines>
        </class>
        <class name="Keda.Scaler.DurableTask.AzureStorage.DurableTaskAzureStorageScalerService/&lt;GetMetrics&gt;d__7" filename="C:\Git\durabletask-azurestorage-scaler\src\Keda.Scaler.DurableTask.AzureStorage\DurableTaskAzureStorageScalerService.cs" line-rate="1" branch-rate="1" complexity="4">
          <methods>
            <method name="MoveNext" signature="()" line-rate="1" branch-rate="1" complexity="4">
              <lines>
                <line number="80" hits="3" branch="False" />
                <line number="81" hits="3" branch="True" condition-coverage="100% (2/2)">
                  <conditions>
                    <condition number="40" type="jump" coverage="100%" />
                  </conditions>
                </line>
                <line number="82" hits="1" branch="False" />
                <line number="84" hits="2" branch="True" condition-coverage="100% (2/2)">
                  <conditions>
                    <condition number="64" type="jump" coverage="100%" />
                  </conditions>
                </line>
                <line number="85" hits="1" branch="False" />
                <line number="87" hits="1" branch="False" />
                <line number="88" hits="1" branch="False" />
                <line number="89" hits="1" branch="False" />
                <line number="90" hits="1" branch="False" />
                <line number="91" hits="1" branch="False" />
                <line number="92" hits="1" branch="False" />
                <line number="94" hits="1" branch="False" />
                <line number="96" hits="1" branch="False" />
                <line number="97" hits="1" branch="False" />
                <line number="98" hits="1" branch="False" />
                <line number="100" hits="1" branch="False" />
                <line number="101" hits="1" branch="False" />
                <line number="102" hits="1" branch="False" />
                <line number="103" hits="1" branch="False" />
                <line number="105" hits="1" branch="False" />
                <line number="106" hits="1" branch="False" />
                <line number="107" hits="1" branch="False" />
                <line number="108" hits="1" branch="False" />
                <line number="109" hits="1" branch="False" />
                <line number="110" hits="1" branch="False" />
                <line number="111" hits="1" branch="False" />
                <line number="112" hits="1" branch="False" />
                <line number="113" hits="1" branch="False" />
                <line number="114" hits="1" branch="False" />
                <line number="115" hits="1" branch="False" />
                <line number="116" hits="1" branch="False" />
                <line number="117" hits="1" branch="False" />
              </lines>
            </method>
          </methods>
          <lines>
            <line number="80" hits="3" branch="False" />
            <line number="81" hits="3" branch="True" condition-coverage="100% (2/2)">
              <conditions>
                <condition number="40" type="jump" coverage="100%" />
              </conditions>
            </line>
            <line number="82" hits="1" branch="False" />
            <line number="84" hits="2" branch="True" condition-coverage="100% (2/2)">
              <conditions>
                <condition number="64" type="jump" coverage="100%" />
              </conditions>
            </line>
            <line number="85" hits="1" branch="False" />
            <line number="87" hits="1" branch="False" />
            <line number="88" hits="1" branch="False" />
            <line number="89" hits="1" branch="False" />
            <line number="90" hits="1" branch="False" />
            <line number="91" hits="1" branch="False" />
            <line number="92" hits="1" branch="False" />
            <line number="94" hits="1" branch="False" />
            <line number="96" hits="1" branch="False" />
            <line number="97" hits="1" branch="False" />
            <line number="98" hits="1" branch="False" />
            <line number="100" hits="1" branch="False" />
            <line number="101" hits="1" branch="False" />
            <line number="102" hits="1" branch="False" />
            <line number="103" hits="1" branch="False" />
            <line number="105" hits="1" branch="False" />
            <line number="106" hits="1" branch="False" />
            <line number="107" hits="1" branch="False" />
            <line number="108" hits="1" branch="False" />
            <line number="109" hits="1" branch="False" />
            <line number="110" hits="1" branch="False" />
            <line number="111" hits="1" branch="False" />
            <line number="112" hits="1" branch="False" />
            <line number="113" hits="1" branch="False" />
            <line number="114" hits="1" branch="False" />
            <line number="115" hits="1" branch="False" />
            <line number="116" hits="1" branch="False" />
            <line number="117" hits="1" branch="False" />
          </lines>
        </class>
        <class name="Keda.Scaler.DurableTask.AzureStorage.DurableTaskAzureStorageScalerService/&lt;IsActive&gt;d__9" filename="C:\Git\durabletask-azurestorage-scaler\src\Keda.Scaler.DurableTask.AzureStorage\DurableTaskAzureStorageScalerService.cs" line-rate="1" branch-rate="1" complexity="6">
          <methods>
            <method name="MoveNext" signature="()" line-rate="1" branch-rate="1" complexity="6">
              <lines>
                <line number="175" hits="4" branch="False" />
                <line number="176" hits="4" branch="True" condition-coverage="100% (2/2)">
                  <conditions>
                    <condition number="40" type="jump" coverage="100%" />
                  </conditions>
                </line>
                <line number="177" hits="1" branch="False" />
                <line number="179" hits="3" branch="True" condition-coverage="100% (2/2)">
                  <conditions>
                    <condition number="64" type="jump" coverage="100%" />
                  </conditions>
                </line>
                <line number="180" hits="1" branch="False" />
                <line number="182" hits="2" branch="False" />
                <line number="183" hits="2" branch="False" />
                <line number="184" hits="2" branch="False" />
                <line number="185" hits="2" branch="False" />
                <line number="186" hits="2" branch="False" />
                <line number="188" hits="2" branch="False" />
                <line number="190" hits="2" branch="False" />
                <line number="191" hits="2" branch="False" />
                <line number="192" hits="2" branch="False" />
                <line number="194" hits="2" branch="False" />
                <line number="196" hits="2" branch="True" condition-coverage="100% (2/2)">
                  <conditions>
                    <condition number="493" type="jump" coverage="100%" />
                  </conditions>
                </line>
                <line number="197" hits="1" branch="False" />
                <line number="198" hits="1" branch="False" />
                <line number="199" hits="1" branch="False" />
                <line number="202" hits="1" branch="False" />
                <line number="203" hits="1" branch="False" />
                <line number="204" hits="1" branch="False" />
                <line number="206" hits="2" branch="False" />
              </lines>
            </method>
          </methods>
          <lines>
            <line number="175" hits="4" branch="False" />
            <line number="176" hits="4" branch="True" condition-coverage="100% (2/2)">
              <conditions>
                <condition number="40" type="jump" coverage="100%" />
              </conditions>
            </line>
            <line number="177" hits="1" branch="False" />
            <line number="179" hits="3" branch="True" condition-coverage="100% (2/2)">
              <conditions>
                <condition number="64" type="jump" coverage="100%" />
              </conditions>
            </line>
            <line number="180" hits="1" branch="False" />
            <line number="182" hits="2" branch="False" />
            <line number="183" hits="2" branch="False" />
            <line number="184" hits="2" branch="False" />
            <line number="185" hits="2" branch="False" />
            <line number="186" hits="2" branch="False" />
            <line number="188" hits="2" branch="False" />
            <line number="190" hits="2" branch="False" />
            <line number="191" hits="2" branch="False" />
            <line number="192" hits="2" branch="False" />
            <line number="194" hits="2" branch="False" />
            <line number="196" hits="2" branch="True" condition-coverage="100% (2/2)">
              <conditions>
                <condition number="493" type="jump" coverage="100%" />
              </conditions>
            </line>
            <line number="197" hits="1" branch="False" />
            <line number="198" hits="1" branch="False" />
            <line number="199" hits="1" branch="False" />
            <line number="202" hits="1" branch="False" />
            <line number="203" hits="1" branch="False" />
            <line number="204" hits="1" branch="False" />
            <line number="206" hits="2" branch="False" />
          </lines>
        </class>
        <class name="Keda.Scaler.DurableTask.AzureStorage.ScalerMetadata" filename="C:\Git\durabletask-azurestorage-scaler\src\Keda.Scaler.DurableTask.AzureStorage\ScalerMetadata.cs" line-rate="1" branch-rate="1" complexity="29">
          <methods>
            <method name="get_AccountName" signature="()" line-rate="1" branch-rate="1" complexity="1">
              <lines>
                <line number="29" hits="99" branch="False" />
              </lines>
            </method>
            <method name="get_ActiveDirectoryEndpoint" signature="()" line-rate="1" branch-rate="1" complexity="1">
              <lines>
                <line number="38" hits="42" branch="False" />
              </lines>
            </method>
            <method name="get_ClientId" signature="()" line-rate="1" branch-rate="1" complexity="1">
              <lines>
                <line number="49" hits="36" branch="False" />
              </lines>
            </method>
            <method name="get_CloudEnvironment" signature="()" line-rate="1" branch-rate="1" complexity="12">
              <lines>
                <line number="61" hits="65" branch="False" />
                <line number="63" hits="65" branch="True" condition-coverage="100% (4/4)">
                  <conditions>
                    <condition number="7" type="jump" coverage="100%" />
                    <condition number="31" type="jump" coverage="100%" />
                  </conditions>
                </line>
                <line number="64" hits="49" branch="False" />
                <line number="65" hits="16" branch="True" condition-coverage="100% (2/2)">
                  <conditions>
                    <condition number="56" type="jump" coverage="100%" />
                  </conditions>
                </line>
                <line number="66" hits="7" branch="False" />
                <line number="67" hits="9" branch="True" condition-coverage="100% (2/2)">
                  <conditions>
                    <condition number="81" type="jump" coverage="100%" />
                  </conditions>
                </line>
                <line number="68" hits="3" branch="False" />
                <line number="69" hits="6" branch="True" condition-coverage="100% (2/2)">
                  <conditions>
                    <condition number="108" type="jump" coverage="100%" />
                  </conditions>
                </line>
                <line number="70" hits="1" branch="False" />
                <line number="71" hits="5" branch="True" condition-coverage="100% (2/2)">
                  <conditions>
                    <condition number="135" type="jump" coverage="100%" />
                  </conditions>
                </line>
                <line number="72" hits="1" branch="False" />
                <line number="74" hits="4" branch="False" />
                <line number="75" hits="65" branch="False" />
              </lines>
            </method>
            <method name="get_Cloud" signature="()" line-rate="1" branch-rate="1" complexity="1">
              <lines>
                <line number="82" hits="186" branch="False" />
              </lines>
            </method>
            <method name="get_Connection" signature="()" line-rate="1" branch-rate="1" complexity="1">
              <lines>
                <line number="95" hits="69" branch="False" />
              </lines>
            </method>
            <method name="get_ConnectionFromEnv" signature="()" line-rate="1" branch-rate="1" complexity="1">
              <lines>
                <line number="106" hits="71" branch="False" />
              </lines>
            </method>
            <method name="get_EndpointSuffix" signature="()" line-rate="1" branch-rate="1" complexity="1">
              <lines>
                <line number="115" hits="47" branch="False" />
              </lines>
            </method>
            <method name="get_MaxActivitiesPerWorker" signature="()" line-rate="1" branch-rate="1" complexity="1">
              <lines>
                <line number="121" hits="99" branch="False" />
              </lines>
            </method>
            <method name="get_MaxOrchestrationsPerWorker" signature="()" line-rate="1" branch-rate="1" complexity="1">
              <lines>
                <line number="127" hits="97" branch="False" />
              </lines>
            </method>
            <method name="get_TaskHubName" signature="()" line-rate="1" branch-rate="1" complexity="1">
              <lines>
                <line number="134" hits="108" branch="False" />
              </lines>
            </method>
            <method name="get_UseManagedIdentity" signature="()" line-rate="1" branch-rate="1" complexity="1">
              <lines>
                <line number="152" hits="73" branch="False" />
              </lines>
            </method>
            <method name="ResolveConnectionString" signature="(Keda.Scaler.DurableTask.AzureStorage.Common.IProcessEnvironment)" line-rate="1" branch-rate="1" complexity="6">
              <lines>
                <line number="164" hits="23" branch="False" />
                <line number="165" hits="23" branch="True" condition-coverage="100% (2/2)">
                  <conditions>
                    <condition number="7" type="jump" coverage="100%" />
                  </conditions>
                </line>
                <line number="166" hits="1" branch="False" />
                <line number="168" hits="22" branch="True" condition-coverage="100% (4/4)">
                  <conditions>
                    <condition number="26" type="jump" coverage="100%" />
                    <condition number="44" type="jump" coverage="100%" />
                  </conditions>
                </line>
                <line number="169" hits="22" branch="False" />
                <line number="170" hits="22" branch="False" />
                <line number="171" hits="22" branch="False" />
              </lines>
            </method>
          </methods>
          <lines>
            <line number="29" hits="99" branch="False" />
            <line number="38" hits="42" branch="False" />
            <line number="49" hits="36" branch="False" />
            <line number="61" hits="65" branch="False" />
            <line number="63" hits="65" branch="True" condition-coverage="100% (4/4)">
              <conditions>
                <condition number="7" type="jump" coverage="100%" />
                <condition number="31" type="jump" coverage="100%" />
              </conditions>
            </line>
            <line number="64" hits="49" branch="False" />
            <line number="65" hits="16" branch="True" condition-coverage="100% (2/2)">
              <conditions>
                <condition number="56" type="jump" coverage="100%" />
              </conditions>
            </line>
            <line number="66" hits="7" branch="False" />
            <line number="67" hits="9" branch="True" condition-coverage="100% (2/2)">
              <conditions>
                <condition number="81" type="jump" coverage="100%" />
              </conditions>
            </line>
            <line number="68" hits="3" branch="False" />
            <line number="69" hits="6" branch="True" condition-coverage="100% (2/2)">
              <conditions>
                <condition number="108" type="jump" coverage="100%" />
              </conditions>
            </line>
            <line number="70" hits="1" branch="False" />
            <line number="71" hits="5" branch="True" condition-coverage="100% (2/2)">
              <conditions>
                <condition number="135" type="jump" coverage="100%" />
              </conditions>
            </line>
            <line number="72" hits="1" branch="False" />
            <line number="74" hits="4" branch="False" />
            <line number="75" hits="65" branch="False" />
            <line number="82" hits="186" branch="False" />
            <line number="95" hits="69" branch="False" />
            <line number="106" hits="71" branch="False" />
            <line number="115" hits="47" branch="False" />
            <line number="121" hits="99" branch="False" />
            <line number="127" hits="97" branch="False" />
            <line number="134" hits="108" branch="False" />
            <line number="152" hits="73" branch="False" />
            <line number="164" hits="23" branch="False" />
            <line number="165" hits="23" branch="True" condition-coverage="100% (2/2)">
              <conditions>
                <condition number="7" type="jump" coverage="100%" />
              </conditions>
            </line>
            <line number="166" hits="1" branch="False" />
            <line number="168" hits="22" branch="True" condition-coverage="100% (4/4)">
              <conditions>
                <condition number="26" type="jump" coverage="100%" />
                <condition number="44" type="jump" coverage="100%" />
              </conditions>
            </line>
            <line number="169" hits="22" branch="False" />
            <line number="170" hits="22" branch="False" />
            <line number="171" hits="22" branch="False" />
          </lines>
        </class>
        <class name="Keda.Scaler.DurableTask.AzureStorage.ScalerMetadata/&lt;Validate&gt;d__48" filename="C:\Git\durabletask-azurestorage-scaler\src\Keda.Scaler.DurableTask.AzureStorage\ScalerMetadata.cs" line-rate="1" branch-rate="1" complexity="54">
          <methods>
            <method name="MoveNext" signature="()" line-rate="1" branch-rate="1" complexity="54">
              <lines>
                <line number="180" hits="31" branch="False" />
                <line number="181" hits="31" branch="True" condition-coverage="100% (2/2)">
                  <conditions>
                    <condition number="213" type="jump" coverage="100%" />
                  </conditions>
                </line>
                <line number="182" hits="1" branch="False" />
                <line number="185" hits="30" branch="True" condition-coverage="100% (2/2)">
                  <conditions>
                    <condition number="244" type="jump" coverage="100%" />
                  </conditions>
                </line>
                <line number="186" hits="3" branch="False" />
                <line number="188" hits="30" branch="True" condition-coverage="100% (2/2)">
                  <conditions>
                    <condition number="304" type="jump" coverage="100%" />
                  </conditions>
                </line>
                <line number="189" hits="1" branch="False" />
                <line number="191" hits="30" branch="True" condition-coverage="100% (2/2)">
                  <conditions>
                    <condition number="366" type="jump" coverage="100%" />
                  </conditions>
                </line>
                <line number="192" hits="1" branch="False" />
                <line number="195" hits="30" branch="True" condition-coverage="100% (2/2)">
                  <conditions>
                    <condition number="428" type="jump" coverage="100%" />
                  </conditions>
                </line>
                <line number="196" hits="3" branch="False" />
                <line number="197" hits="3" branch="True" condition-coverage="100% (2/2)">
                  <conditions>
                    <condition number="452" type="jump" coverage="100%" />
                  </conditions>
                </line>
                <line number="198" hits="1" branch="False" />
                <line number="200" hits="3" branch="True" condition-coverage="100% (2/2)">
                  <conditions>
                    <condition number="514" type="jump" coverage="100%" />
                  </conditions>
                </line>
                <line number="201" hits="1" branch="False" />
                <line number="203" hits="3" branch="True" condition-coverage="100% (4/4)">
                  <conditions>
                    <condition number="569" type="jump" coverage="100%" />
                    <condition number="594" type="jump" coverage="100%" />
                  </conditions>
                </line>
                <line number="204" hits="1" branch="False" />
                <line number="205" hits="3" branch="False" />
                <line number="207" hits="27" branch="False" />
                <line number="208" hits="27" branch="True" condition-coverage="100% (2/2)">
                  <conditions>
                    <condition number="666" type="jump" coverage="100%" />
                  </conditions>
                </line>
                <line number="209" hits="1" branch="False" />
                <line number="211" hits="27" branch="True" condition-coverage="100% (2/2)">
                  <conditions>
                    <condition number="731" type="jump" coverage="100%" />
                  </conditions>
                </line>
                <line number="212" hits="1" branch="False" />
                <line number="213" hits="27" branch="False" />
                <line number="216" hits="30" branch="True" condition-coverage="100% (2/2)">
                  <conditions>
                    <condition number="791" type="jump" coverage="100%" />
                  </conditions>
                </line>
                <line number="217" hits="15" branch="False" />
                <line number="218" hits="15" branch="True" condition-coverage="100% (2/2)">
                  <conditions>
                    <condition number="815" type="jump" coverage="100%" />
                  </conditions>
                </line>
                <line number="219" hits="1" branch="False" />
                <line number="221" hits="15" branch="True" condition-coverage="100% (4/4)">
                  <conditions>
                    <condition number="871" type="jump" coverage="100%" />
                    <condition number="896" type="jump" coverage="100%" />
                  </conditions>
                </line>
                <line number="222" hits="2" branch="False" />
                <line number="224" hits="15" branch="True" condition-coverage="100% (2/2)">
                  <conditions>
                    <condition number="959" type="jump" coverage="100%" />
                  </conditions>
                </line>
                <line number="225" hits="1" branch="False" />
                <line number="227" hits="15" branch="True" condition-coverage="100% (2/2)">
                  <conditions>
                    <condition number="1036" type="jump" coverage="100%" />
                  </conditions>
                </line>
                <line number="228" hits="1" branch="False" />
                <line number="230" hits="15" branch="True" condition-coverage="100% (2/2)">
                  <conditions>
                    <condition number="1102" type="jump" coverage="100%" />
                  </conditions>
                </line>
                <line number="231" hits="1" branch="False" />
                <line number="232" hits="15" branch="False" />
                <line number="234" hits="15" branch="False" />
                <line number="235" hits="15" branch="True" condition-coverage="100% (2/2)">
                  <conditions>
                    <condition number="1175" type="jump" coverage="100%" />
                  </conditions>
                </line>
                <line number="236" hits="1" branch="False" />
                <line number="238" hits="15" branch="True" condition-coverage="100% (2/2)">
                  <conditions>
                    <condition number="1241" type="jump" coverage="100%" />
                  </conditions>
                </line>
                <line number="239" hits="1" branch="False" />
                <line number="241" hits="15" branch="True" condition-coverage="100% (2/2)">
                  <conditions>
                    <condition number="1307" type="jump" coverage="100%" />
                  </conditions>
                </line>
                <line number="242" hits="1" branch="False" />
                <line number="244" hits="15" branch="False" />
                <line number="245" hits="15" branch="True" condition-coverage="100% (4/4)">
                  <conditions>
                    <condition number="1380" type="jump" coverage="100%" />
                    <condition number="1405" type="jump" coverage="100%" />
                  </conditions>
                </line>
                <line number="246" hits="2" branch="False" />
                <line number="247" hits="13" branch="True" condition-coverage="100% (4/4)">
                  <conditions>
                    <condition number="1466" type="jump" coverage="100%" />
                    <condition number="1491" type="jump" coverage="100%" />
                  </conditions>
                </line>
                <line number="248" hits="2" branch="False" />
                <line number="249" hits="11" branch="True" condition-coverage="100% (2/2)">
                  <conditions>
                    <condition number="1564" type="jump" coverage="100%" />
                  </conditions>
                </line>
                <line number="250" hits="2" branch="True" condition-coverage="100% (2/2)">
                  <conditions>
                    <condition number="1584" type="jump" coverage="100%" />
                  </conditions>
                </line>
                <line number="251" hits="15" branch="False" />
                <line number="252" hits="30" branch="False" />
              </lines>
            </method>
          </methods>
          <lines>
            <line number="180" hits="31" branch="False" />
            <line number="181" hits="31" branch="True" condition-coverage="100% (2/2)">
              <conditions>
                <condition number="213" type="jump" coverage="100%" />
              </conditions>
            </line>
            <line number="182" hits="1" branch="False" />
            <line number="185" hits="30" branch="True" condition-coverage="100% (2/2)">
              <conditions>
                <condition number="244" type="jump" coverage="100%" />
              </conditions>
            </line>
            <line number="186" hits="3" branch="False" />
            <line number="188" hits="30" branch="True" condition-coverage="100% (2/2)">
              <conditions>
                <condition number="304" type="jump" coverage="100%" />
              </conditions>
            </line>
            <line number="189" hits="1" branch="False" />
            <line number="191" hits="30" branch="True" condition-coverage="100% (2/2)">
              <conditions>
                <condition number="366" type="jump" coverage="100%" />
              </conditions>
            </line>
            <line number="192" hits="1" branch="False" />
            <line number="195" hits="30" branch="True" condition-coverage="100% (2/2)">
              <conditions>
                <condition number="428" type="jump" coverage="100%" />
              </conditions>
            </line>
            <line number="196" hits="3" branch="False" />
            <line number="197" hits="3" branch="True" condition-coverage="100% (2/2)">
              <conditions>
                <condition number="452" type="jump" coverage="100%" />
              </conditions>
            </line>
            <line number="198" hits="1" branch="False" />
            <line number="200" hits="3" branch="True" condition-coverage="100% (2/2)">
              <conditions>
                <condition number="514" type="jump" coverage="100%" />
              </conditions>
            </line>
            <line number="201" hits="1" branch="False" />
            <line number="203" hits="3" branch="True" condition-coverage="100% (4/4)">
              <conditions>
                <condition number="569" type="jump" coverage="100%" />
                <condition number="594" type="jump" coverage="100%" />
              </conditions>
            </line>
            <line number="204" hits="1" branch="False" />
            <line number="205" hits="3" branch="False" />
            <line number="207" hits="27" branch="False" />
            <line number="208" hits="27" branch="True" condition-coverage="100% (2/2)">
              <conditions>
                <condition number="666" type="jump" coverage="100%" />
              </conditions>
            </line>
            <line number="209" hits="1" branch="False" />
            <line number="211" hits="27" branch="True" condition-coverage="100% (2/2)">
              <conditions>
                <condition number="731" type="jump" coverage="100%" />
              </conditions>
            </line>
            <line number="212" hits="1" branch="False" />
            <line number="213" hits="27" branch="False" />
            <line number="216" hits="30" branch="True" condition-coverage="100% (2/2)">
              <conditions>
                <condition number="791" type="jump" coverage="100%" />
              </conditions>
            </line>
            <line number="217" hits="15" branch="False" />
            <line number="218" hits="15" branch="True" condition-coverage="100% (2/2)">
              <conditions>
                <condition number="815" type="jump" coverage="100%" />
              </conditions>
            </line>
            <line number="219" hits="1" branch="False" />
            <line number="221" hits="15" branch="True" condition-coverage="100% (4/4)">
              <conditions>
                <condition number="871" type="jump" coverage="100%" />
                <condition number="896" type="jump" coverage="100%" />
              </conditions>
            </line>
            <line number="222" hits="2" branch="False" />
            <line number="224" hits="15" branch="True" condition-coverage="100% (2/2)">
              <conditions>
                <condition number="959" type="jump" coverage="100%" />
              </conditions>
            </line>
            <line number="225" hits="1" branch="False" />
            <line number="227" hits="15" branch="True" condition-coverage="100% (2/2)">
              <conditions>
                <condition number="1036" type="jump" coverage="100%" />
              </conditions>
            </line>
            <line number="228" hits="1" branch="False" />
            <line number="230" hits="15" branch="True" condition-coverage="100% (2/2)">
              <conditions>
                <condition number="1102" type="jump" coverage="100%" />
              </conditions>
            </line>
            <line number="231" hits="1" branch="False" />
            <line number="232" hits="15" branch="False" />
            <line number="234" hits="15" branch="False" />
            <line number="235" hits="15" branch="True" condition-coverage="100% (2/2)">
              <conditions>
                <condition number="1175" type="jump" coverage="100%" />
              </conditions>
            </line>
            <line number="236" hits="1" branch="False" />
            <line number="238" hits="15" branch="True" condition-coverage="100% (2/2)">
              <conditions>
                <condition number="1241" type="jump" coverage="100%" />
              </conditions>
            </line>
            <line number="239" hits="1" branch="False" />
            <line number="241" hits="15" branch="True" condition-coverage="100% (2/2)">
              <conditions>
                <condition number="1307" type="jump" coverage="100%" />
              </conditions>
            </line>
            <line number="242" hits="1" branch="False" />
            <line number="244" hits="15" branch="False" />
            <line number="245" hits="15" branch="True" condition-coverage="100% (4/4)">
              <conditions>
                <condition number="1380" type="jump" coverage="100%" />
                <condition number="1405" type="jump" coverage="100%" />
              </conditions>
            </line>
            <line number="246" hits="2" branch="False" />
            <line number="247" hits="13" branch="True" condition-coverage="100% (4/4)">
              <conditions>
                <condition number="1466" type="jump" coverage="100%" />
                <condition number="1491" type="jump" coverage="100%" />
              </conditions>
            </line>
            <line number="248" hits="2" branch="False" />
            <line number="249" hits="11" branch="True" condition-coverage="100% (2/2)">
              <conditions>
                <condition number="1564" type="jump" coverage="100%" />
              </conditions>
            </line>
            <line number="250" hits="2" branch="True" condition-coverage="100% (2/2)">
              <conditions>
                <condition number="1584" type="jump" coverage="100%" />
              </conditions>
            </line>
            <line number="251" hits="15" branch="False" />
            <line number="252" hits="30" branch="False" />
          </lines>
        </class>
        <class name="Keda.Scaler.DurableTask.AzureStorage.SR" filename="C:\Git\durabletask-azurestorage-scaler\src\Keda.Scaler.DurableTask.AzureStorage\SR.cs" line-rate="1" branch-rate="1" complexity="2">
          <methods>
            <method name="Format" signature="(System.String,System.Object)" line-rate="1" branch-rate="1" complexity="1">
              <lines>
                <line number="11" hits="28" branch="False" />
              </lines>
            </method>
            <method name="Format" signature="(System.String,System.Object,System.Object)" line-rate="1" branch-rate="1" complexity="1">
              <lines>
                <line number="14" hits="1" branch="False" />
              </lines>
            </method>
          </methods>
          <lines>
            <line number="11" hits="28" branch="False" />
            <line number="14" hits="1" branch="False" />
          </lines>
        </class>
        <class name="Keda.Scaler.DurableTask.AzureStorage.SR" filename="C:\Git\durabletask-azurestorage-scaler\src\Keda.Scaler.DurableTask.AzureStorage\SR.Exceptions.cs" line-rate="1" branch-rate="1" complexity="3">
          <methods>
            <method name="get_InvalidPartitionCountFormat" signature="()" line-rate="1" branch-rate="1" complexity="1">
              <lines>
                <line number="11" hits="1" branch="False" />
              </lines>
            </method>
            <method name="get_MissingMemberFormat" signature="()" line-rate="1" branch-rate="1" complexity="1">
              <lines>
                <line number="13" hits="4" branch="False" />
              </lines>
            </method>
            <method name=".cctor" signature="()" line-rate="1" branch-rate="1" complexity="1">
              <lines>
                <line number="15" hits="1" branch="False" />
              </lines>
            </method>
          </methods>
          <lines>
            <line number="11" hits="1" branch="False" />
            <line number="13" hits="4" branch="False" />
            <line number="15" hits="1" branch="False" />
          </lines>
        </class>
        <class name="Keda.Scaler.DurableTask.AzureStorage.SR" filename="C:\Git\durabletask-azurestorage-scaler\src\Keda.Scaler.DurableTask.AzureStorage\SR.Responses.cs" line-rate="1" branch-rate="1" complexity="2">
          <methods>
            <method name="get_InternalErrorMessage" signature="()" line-rate="1" branch-rate="1" complexity="1">
              <lines>
                <line number="11" hits="2" branch="False" />
              </lines>
            </method>
            <method name=".cctor" signature="()" line-rate="1" branch-rate="1" complexity="1">
              <lines>
                <line number="13" hits="1" branch="False" />
              </lines>
            </method>
          </methods>
          <lines>
            <line number="11" hits="2" branch="False" />
            <line number="13" hits="1" branch="False" />
          </lines>
        </class>
        <class name="Keda.Scaler.DurableTask.AzureStorage.SR" filename="C:\Git\durabletask-azurestorage-scaler\src\Keda.Scaler.DurableTask.AzureStorage\SR.Validation.cs" line-rate="1" branch-rate="1" complexity="11">
          <methods>
            <method name="get_AadOnlyFieldFormat" signature="()" line-rate="1" branch-rate="1" complexity="1">
              <lines>
                <line number="11" hits="3" branch="False" />
              </lines>
            </method>
            <method name="get_AadRequiredFieldFormat" signature="()" line-rate="1" branch-rate="1" complexity="1">
              <lines>
                <line number="13" hits="1" branch="False" />
              </lines>
            </method>
            <method name="get_BlankConnectionVarFormat" signature="()" line-rate="1" branch-rate="1" complexity="1">
              <lines>
                <line number="15" hits="2" branch="False" />
              </lines>
            </method>
            <method name="get_InvalidAadFieldFormat" signature="()" line-rate="1" branch-rate="1" complexity="1">
              <lines>
                <line number="17" hits="2" branch="False" />
              </lines>
            </method>
            <method name="get_OptionalBlankValueFormat" signature="()" line-rate="1" branch-rate="1" complexity="1">
              <lines>
                <line number="19" hits="7" branch="False" />
              </lines>
            </method>
            <method name="get_PositiveValueFormat" signature="()" line-rate="1" branch-rate="1" complexity="1">
              <lines>
                <line number="21" hits="2" branch="False" />
              </lines>
            </method>
            <method name="get_PrivateCloudOnlyFieldFormat" signature="()" line-rate="1" branch-rate="1" complexity="1">
              <lines>
                <line number="23" hits="2" branch="False" />
              </lines>
            </method>
            <method name="get_PrivateCloudRequiredFieldFormat" signature="()" line-rate="1" branch-rate="1" complexity="1">
              <lines>
                <line number="25" hits="2" branch="False" />
              </lines>
            </method>
            <method name="get_RequiredBlankValueFormat" signature="()" line-rate="1" branch-rate="1" complexity="1">
              <lines>
                <line number="27" hits="3" branch="False" />
              </lines>
            </method>
            <method name="get_UnknownValueFormat" signature="()" line-rate="1" branch-rate="1" complexity="1">
              <lines>
                <line number="29" hits="1" branch="False" />
              </lines>
            </method>
            <method name=".cctor" signature="()" line-rate="1" branch-rate="1" complexity="1">
              <lines>
                <line number="31" hits="1" branch="False" />
              </lines>
            </method>
          </methods>
          <lines>
            <line number="11" hits="3" branch="False" />
            <line number="13" hits="1" branch="False" />
            <line number="15" hits="2" branch="False" />
            <line number="17" hits="2" branch="False" />
            <line number="19" hits="7" branch="False" />
            <line number="21" hits="2" branch="False" />
            <line number="23" hits="2" branch="False" />
            <line number="25" hits="2" branch="False" />
            <line number="27" hits="3" branch="False" />
            <line number="29" hits="1" branch="False" />
            <line number="31" hits="1" branch="False" />
          </lines>
        </class>
        <class name="Keda.Scaler.DurableTask.AzureStorage.TaskHub.AzureStorageTaskHubBrowser" filename="C:\Git\durabletask-azurestorage-scaler\src\Keda.Scaler.DurableTask.AzureStorage\TaskHub\AzureStorageTaskHubBrowser.cs" line-rate="1" branch-rate="1" complexity="8">
          <methods>
            <method name=".ctor" signature="(Keda.Scaler.DurableTask.AzureStorage.Accounts.IStorageAccountClientFactory`1&lt;Azure.Storage.Blobs.BlobServiceClient&gt;,Keda.Scaler.DurableTask.AzureStorage.Accounts.IStorageAccountClientFactory`1&lt;Azure.Storage.Queues.QueueServiceClient&gt;,Microsoft.Extensions.Logging.ILoggerFactory)" line-rate="1" branch-rate="1" complexity="8">
              <lines>
                <line number="34" hits="10" branch="False" />
                <line number="35" hits="10" branch="False" />
                <line number="36" hits="10" branch="False" />
                <line number="37" hits="10" branch="False" />
                <line number="38" hits="10" branch="False" />
                <line number="39" hits="10" branch="True" condition-coverage="100% (2/2)">
                  <conditions>
                    <condition number="11" type="jump" coverage="100%" />
                  </conditions>
                </line>
                <line number="40" hits="9" branch="True" condition-coverage="100% (2/2)">
                  <conditions>
                    <condition number="33" type="jump" coverage="100%" />
                  </conditions>
                </line>
                <line number="41" hits="8" branch="True" condition-coverage="100% (4/4)">
                  <conditions>
                    <condition number="54" type="jump" coverage="100%" />
                    <condition number="71" type="jump" coverage="100%" />
                  </conditions>
                </line>
                <line number="42" hits="6" branch="False" />
              </lines>
            </method>
          </methods>
          <lines>
            <line number="34" hits="10" branch="False" />
            <line number="35" hits="10" branch="False" />
            <line number="36" hits="10" branch="False" />
            <line number="37" hits="10" branch="False" />
            <line number="38" hits="10" branch="False" />
            <line number="39" hits="10" branch="True" condition-coverage="100% (2/2)">
              <conditions>
                <condition number="11" type="jump" coverage="100%" />
              </conditions>
            </line>
            <line number="40" hits="9" branch="True" condition-coverage="100% (2/2)">
              <conditions>
                <condition number="33" type="jump" coverage="100%" />
              </conditions>
            </line>
            <line number="41" hits="8" branch="True" condition-coverage="100% (4/4)">
              <conditions>
                <condition number="54" type="jump" coverage="100%" />
                <condition number="71" type="jump" coverage="100%" />
              </conditions>
            </line>
            <line number="42" hits="6" branch="False" />
          </lines>
        </class>
        <class name="Keda.Scaler.DurableTask.AzureStorage.TaskHub.AzureStorageTaskHubBrowser/&lt;GetMonitorAsync&gt;d__4" filename="C:\Git\durabletask-azurestorage-scaler\src\Keda.Scaler.DurableTask.AzureStorage\TaskHub\AzureStorageTaskHubBrowser.cs" line-rate="1" branch-rate="1" complexity="4">
          <methods>
            <method name="MoveNext" signature="()" line-rate="1" branch-rate="1" complexity="4">
              <lines>
                <line number="65" hits="4" branch="False" />
                <line number="66" hits="4" branch="True" condition-coverage="100% (2/2)">
                  <conditions>
                    <condition number="26" type="jump" coverage="100%" />
                  </conditions>
                </line>
                <line number="67" hits="1" branch="False" />
                <line number="69" hits="3" branch="True" condition-coverage="100% (2/2)">
                  <conditions>
                    <condition number="52" type="jump" coverage="100%" />
                  </conditions>
                </line>
                <line number="70" hits="1" branch="False" />
                <line number="73" hits="2" branch="False" />
                <line number="74" hits="2" branch="False" />
                <line number="75" hits="2" branch="False" />
                <line number="76" hits="2" branch="False" />
                <line number="79" hits="2" branch="False" />
                <line number="80" hits="2" branch="False" />
                <line number="81" hits="1" branch="False" />
                <line number="83" hits="1" branch="False" />
                <line number="84" hits="1" branch="False" />
                <line number="85" hits="1" branch="False" />
                <line number="86" hits="1" branch="False" />
                <line number="87" hits="1" branch="False" />
                <line number="89" hits="1" branch="False" />
                <line number="91" hits="1" branch="False" />
                <line number="92" hits="1" branch="False" />
                <line number="93" hits="1" branch="False" />
                <line number="94" hits="1" branch="False" />
                <line number="95" hits="1" branch="False" />
                <line number="96" hits="1" branch="False" />
                <line number="97" hits="1" branch="False" />
                <line number="99" hits="1" branch="False" />
                <line number="101" hits="2" branch="False" />
              </lines>
            </method>
          </methods>
          <lines>
            <line number="65" hits="4" branch="False" />
            <line number="66" hits="4" branch="True" condition-coverage="100% (2/2)">
              <conditions>
                <condition number="26" type="jump" coverage="100%" />
              </conditions>
            </line>
            <line number="67" hits="1" branch="False" />
            <line number="69" hits="3" branch="True" condition-coverage="100% (2/2)">
              <conditions>
                <condition number="52" type="jump" coverage="100%" />
              </conditions>
            </line>
            <line number="70" hits="1" branch="False" />
            <line number="73" hits="2" branch="False" />
            <line number="74" hits="2" branch="False" />
            <line number="75" hits="2" branch="False" />
            <line number="76" hits="2" branch="False" />
            <line number="79" hits="2" branch="False" />
            <line number="80" hits="2" branch="False" />
            <line number="81" hits="1" branch="False" />
            <line number="83" hits="1" branch="False" />
            <line number="84" hits="1" branch="False" />
            <line number="85" hits="1" branch="False" />
            <line number="86" hits="1" branch="False" />
            <line number="87" hits="1" branch="False" />
            <line number="89" hits="1" branch="False" />
            <line number="91" hits="1" branch="False" />
            <line number="92" hits="1" branch="False" />
            <line number="93" hits="1" branch="False" />
            <line number="94" hits="1" branch="False" />
            <line number="95" hits="1" branch="False" />
            <line number="96" hits="1" branch="False" />
            <line number="97" hits="1" branch="False" />
            <line number="99" hits="1" branch="False" />
            <line number="101" hits="2" branch="False" />
          </lines>
        </class>
        <class name="Keda.Scaler.DurableTask.AzureStorage.TaskHub.AzureStorageTaskHubInfo" filename="C:\Git\durabletask-azurestorage-scaler\src\Keda.Scaler.DurableTask.AzureStorage\TaskHub\AzureStorageTaskHubInfo.cs" line-rate="1" branch-rate="1" complexity="3">
          <methods>
            <method name="get_TaskHubName" signature="()" line-rate="1" branch-rate="1" complexity="1">
              <lines>
                <line number="10" hits="51" branch="False" />
              </lines>
            </method>
            <method name="get_CreatedAt" signature="()" line-rate="1" branch-rate="1" complexity="1">
              <lines>
                <line number="12" hits="4" branch="False" />
              </lines>
            </method>
            <method name="get_PartitionCount" signature="()" line-rate="1" branch-rate="1" complexity="1">
              <lines>
                <line number="14" hits="34" branch="False" />
              </lines>
            </method>
          </methods>
          <lines>
            <line number="10" hits="51" branch="False" />
            <line number="12" hits="4" branch="False" />
            <line number="14" hits="34" branch="False" />
          </lines>
        </class>
        <class name="Keda.Scaler.DurableTask.AzureStorage.TaskHub.NullTaskHubQueueMonitor" filename="C:\Git\durabletask-azurestorage-scaler\src\Keda.Scaler.DurableTask.AzureStorage\TaskHub\NullTaskHubQueueMonitor.cs" line-rate="1" branch-rate="1" complexity="3">
          <methods>
            <method name="get_Instance" signature="()" line-rate="1" branch-rate="1" complexity="1">
              <lines>
                <line number="11" hits="3" branch="False" />
              </lines>
            </method>
            <method name="GetUsageAsync" signature="(System.Threading.CancellationToken)" line-rate="1" branch-rate="1" complexity="1">
              <lines>
                <line number="17" hits="1" branch="False" />
              </lines>
            </method>
            <method name=".ctor" signature="()" line-rate="1" branch-rate="1" complexity="1">
              <lines>
                <line number="13" hits="1" branch="False" />
                <line number="14" hits="2" branch="False" />
              </lines>
            </method>
          </methods>
          <lines>
            <line number="11" hits="3" branch="False" />
            <line number="17" hits="1" branch="False" />
            <line number="13" hits="1" branch="False" />
            <line number="14" hits="2" branch="False" />
          </lines>
        </class>
        <class name="Keda.Scaler.DurableTask.AzureStorage.TaskHub.OptimalOrchestrationAllocator" filename="C:\Git\durabletask-azurestorage-scaler\src\Keda.Scaler.DurableTask.AzureStorage\TaskHub\OptimalOrchestrationAllocator.cs" line-rate="1" branch-rate="1" complexity="18">
          <methods>
            <method name="GetWorkerCount" signature="(System.Collections.Generic.IReadOnlyList`1&lt;System.Int32&gt;,System.Int32)" line-rate="1" branch-rate="1" complexity="8">
              <lines>
                <line number="14" hits="7" branch="False" />
                <line number="15" hits="7" branch="True" condition-coverage="100% (2/2)">
                  <conditions>
                    <condition number="7" type="jump" coverage="100%" />
                  </conditions>
                </line>
                <line number="16" hits="1" branch="False" />
                <line number="18" hits="6" branch="True" condition-coverage="100% (2/2)">
                  <conditions>
                    <condition number="26" type="jump" coverage="100%" />
                  </conditions>
                </line>
                <line number="19" hits="1" branch="False" />
                <line number="21" hits="5" branch="True" condition-coverage="100% (2/2)">
                  <conditions>
                    <condition number="50" type="jump" coverage="100%" />
                  </conditions>
                </line>
                <line number="22" hits="1" branch="False" />
                <line number="24" hits="4" branch="False" />
                <line number="25" hits="15" branch="True" condition-coverage="100% (2/2)">
                  <conditions>
                    <condition number="123" type="jump" coverage="100%" />
                  </conditions>
                </line>
                <line number="26" hits="11" branch="False" />
                <line number="27" hits="11" branch="False" />
                <line number="28" hits="11" branch="False" />
                <line number="29" hits="11" branch="False" />
                <line number="31" hits="4" branch="False" />
                <line number="32" hits="5" branch="False" />
              </lines>
            </method>
            <method name="MaximizeWorkerPartitions" signature="(System.Collections.Generic.IReadOnlyList`1&lt;System.Int32&gt;,Keda.Scaler.DurableTask.AzureStorage.TaskHub.OptimalOrchestrationAllocator/PartitionSet,System.Int32)" line-rate="1" branch-rate="1" complexity="10">
              <lines>
                <line number="35" hits="11" branch="False" />
                <line number="37" hits="11" branch="False" />
                <line number="41" hits="152" branch="True" condition-coverage="100% (2/2)">
                  <conditions>
                    <condition number="194" type="jump" coverage="100%" />
                  </conditions>
                </line>
                <line number="42" hits="65" branch="False" />
                <line number="43" hits="388" branch="True" condition-coverage="100% (2/2)">
                  <conditions>
                    <condition number="168" type="jump" coverage="100%" />
                  </conditions>
                </line>
                <line number="44" hits="129" branch="False" />
                <line number="45" hits="129" branch="False" />
                <line number="46" hits="129" branch="False" />
                <line number="51" hits="129" branch="True" condition-coverage="100% (4/4)">
                  <conditions>
                    <condition number="69" type="jump" coverage="100%" />
                    <condition number="83" type="jump" coverage="100%" />
                  </conditions>
                </line>
                <line number="52" hits="62" branch="False" />
                <line number="53" hits="62" branch="False" />
                <line number="54" hits="62" branch="False" />
                <line number="56" hits="67" branch="False" />
                <line number="59" hits="67" branch="False" />
                <line number="60" hits="67" branch="True" condition-coverage="100% (2/2)">
                  <conditions>
                    <condition number="139" type="jump" coverage="100%" />
                  </conditions>
                </line>
                <line number="61" hits="67" branch="False" />
                <line number="62" hits="129" branch="False" />
                <line number="63" hits="65" branch="False" />
                <line number="65" hits="11" branch="False" />
                <line number="66" hits="11" branch="False" />
              </lines>
            </method>
          </methods>
          <lines>
            <line number="14" hits="7" branch="False" />
            <line number="15" hits="7" branch="True" condition-coverage="100% (2/2)">
              <conditions>
                <condition number="7" type="jump" coverage="100%" />
              </conditions>
            </line>
            <line number="16" hits="1" branch="False" />
            <line number="18" hits="6" branch="True" condition-coverage="100% (2/2)">
              <conditions>
                <condition number="26" type="jump" coverage="100%" />
              </conditions>
            </line>
            <line number="19" hits="1" branch="False" />
            <line number="21" hits="5" branch="True" condition-coverage="100% (2/2)">
              <conditions>
                <condition number="50" type="jump" coverage="100%" />
              </conditions>
            </line>
            <line number="22" hits="1" branch="False" />
            <line number="24" hits="4" branch="False" />
            <line number="25" hits="15" branch="True" condition-coverage="100% (2/2)">
              <conditions>
                <condition number="123" type="jump" coverage="100%" />
              </conditions>
            </line>
            <line number="26" hits="11" branch="False" />
            <line number="27" hits="11" branch="False" />
            <line number="28" hits="11" branch="False" />
            <line number="29" hits="11" branch="False" />
            <line number="31" hits="4" branch="False" />
            <line number="32" hits="5" branch="False" />
            <line number="35" hits="11" branch="False" />
            <line number="37" hits="11" branch="False" />
            <line number="41" hits="152" branch="True" condition-coverage="100% (2/2)">
              <conditions>
                <condition number="194" type="jump" coverage="100%" />
              </conditions>
            </line>
            <line number="42" hits="65" branch="False" />
            <line number="43" hits="388" branch="True" condition-coverage="100% (2/2)">
              <conditions>
                <condition number="168" type="jump" coverage="100%" />
              </conditions>
            </line>
            <line number="44" hits="129" branch="False" />
            <line number="45" hits="129" branch="False" />
            <line number="46" hits="129" branch="False" />
            <line number="51" hits="129" branch="True" condition-coverage="100% (4/4)">
              <conditions>
                <condition number="69" type="jump" coverage="100%" />
                <condition number="83" type="jump" coverage="100%" />
              </conditions>
            </line>
            <line number="52" hits="62" branch="False" />
            <line number="53" hits="62" branch="False" />
            <line number="54" hits="62" branch="False" />
            <line number="56" hits="67" branch="False" />
            <line number="59" hits="67" branch="False" />
            <line number="60" hits="67" branch="True" condition-coverage="100% (2/2)">
              <conditions>
                <condition number="139" type="jump" coverage="100%" />
              </conditions>
            </line>
            <line number="61" hits="67" branch="False" />
            <line number="62" hits="129" branch="False" />
            <line number="63" hits="65" branch="False" />
            <line number="65" hits="11" branch="False" />
            <line number="66" hits="11" branch="False" />
          </lines>
        </class>
        <class name="Keda.Scaler.DurableTask.AzureStorage.TaskHub.OptimalOrchestrationAllocator/PartitionSet" filename="C:\Git\durabletask-azurestorage-scaler\src\Keda.Scaler.DurableTask.AzureStorage\TaskHub\OptimalOrchestrationAllocator.cs" line-rate="1" branch-rate="1" complexity="9">
          <methods>
            <method name="get_Count" signature="()" line-rate="1" branch-rate="1" complexity="1">
              <lines>
                <line number="70" hits="149" branch="False" />
              </lines>
            </method>
            <method name="Add" signature="(System.Int32)" line-rate="1" branch-rate="1" complexity="1">
              <lines>
                <line number="83" hits="82" branch="False" />
              </lines>
            </method>
            <method name="Contains" signature="(System.Int32)" line-rate="1" branch-rate="1" complexity="1">
              <lines>
                <line number="86" hits="129" branch="False" />
              </lines>
            </method>
            <method name="Remove" signature="(Keda.Scaler.DurableTask.AzureStorage.TaskHub.OptimalOrchestrationAllocator/PartitionSet)" line-rate="1" branch-rate="1" complexity="1">
              <lines>
                <line number="90" hits="11" branch="False" />
              </lines>
            </method>
            <method name="FromWorkItems" signature="(System.Collections.Generic.IReadOnlyList`1&lt;System.Int32&gt;)" line-rate="1" branch-rate="1" complexity="4">
              <lines>
                <line number="97" hits="4" branch="False" />
                <line number="98" hits="4" branch="False" />
                <line number="99" hits="44" branch="True" condition-coverage="100% (2/2)">
                  <conditions>
                    <condition number="53" type="jump" coverage="100%" />
                  </conditions>
                </line>
                <line number="100" hits="18" branch="False" />
                <line number="101" hits="18" branch="True" condition-coverage="100% (2/2)">
                  <conditions>
                    <condition number="26" type="jump" coverage="100%" />
                  </conditions>
                </line>
                <line number="102" hits="15" branch="False" />
                <line number="103" hits="18" branch="False" />
                <line number="105" hits="4" branch="False" />
                <line number="106" hits="4" branch="False" />
              </lines>
            </method>
            <method name=".ctor" signature="(System.UInt16,System.Byte)" line-rate="1" branch-rate="1" complexity="1">
              <lines>
                <line number="76" hits="93" branch="False" />
                <line number="77" hits="93" branch="False" />
                <line number="78" hits="93" branch="False" />
                <line number="79" hits="93" branch="False" />
              </lines>
            </method>
          </methods>
          <lines>
            <line number="70" hits="149" branch="False" />
            <line number="83" hits="82" branch="False" />
            <line number="86" hits="129" branch="False" />
            <line number="90" hits="11" branch="False" />
            <line number="97" hits="4" branch="False" />
            <line number="98" hits="4" branch="False" />
            <line number="99" hits="44" branch="True" condition-coverage="100% (2/2)">
              <conditions>
                <condition number="53" type="jump" coverage="100%" />
              </conditions>
            </line>
            <line number="100" hits="18" branch="False" />
            <line number="101" hits="18" branch="True" condition-coverage="100% (2/2)">
              <conditions>
                <condition number="26" type="jump" coverage="100%" />
              </conditions>
            </line>
            <line number="102" hits="15" branch="False" />
            <line number="103" hits="18" branch="False" />
            <line number="105" hits="4" branch="False" />
            <line number="106" hits="4" branch="False" />
            <line number="76" hits="93" branch="False" />
            <line number="77" hits="93" branch="False" />
            <line number="78" hits="93" branch="False" />
            <line number="79" hits="93" branch="False" />
          </lines>
        </class>
        <class name="Keda.Scaler.DurableTask.AzureStorage.TaskHub.OptimalOrchestrationAllocator/WorkerSet" filename="C:\Git\durabletask-azurestorage-scaler\src\Keda.Scaler.DurableTask.AzureStorage\TaskHub\OptimalOrchestrationAllocator.cs" line-rate="1" branch-rate="1" complexity="5">
          <methods>
            <method name="get_Count" signature="()" line-rate="1" branch-rate="1" complexity="1">
              <lines>
                <line number="111" hits="4" branch="False" />
              </lines>
            </method>
            <method name="get_RemainingPartitions" signature="()" line-rate="1" branch-rate="1" complexity="1">
              <lines>
                <line number="113" hits="37" branch="False" />
              </lines>
            </method>
            <method name="AddWorker" signature="(Keda.Scaler.DurableTask.AzureStorage.TaskHub.OptimalOrchestrationAllocator/PartitionSet)" line-rate="1" branch-rate="1" complexity="1">
              <lines>
                <line number="128" hits="11" branch="False" />
              </lines>
            </method>
            <method name=".ctor" signature="(Keda.Scaler.DurableTask.AzureStorage.TaskHub.OptimalOrchestrationAllocator/PartitionSet)" line-rate="1" branch-rate="1" complexity="1">
              <lines>
                <line number="118" hits="4" branch="False" />
                <line number="119" hits="8" branch="False" />
              </lines>
            </method>
            <method name=".ctor" signature="(System.Byte,Keda.Scaler.DurableTask.AzureStorage.TaskHub.OptimalOrchestrationAllocator/PartitionSet)" line-rate="1" branch-rate="1" complexity="1">
              <lines>
                <line number="122" hits="15" branch="False" />
                <line number="123" hits="15" branch="False" />
                <line number="124" hits="15" branch="False" />
                <line number="125" hits="15" branch="False" />
              </lines>
            </method>
          </methods>
          <lines>
            <line number="111" hits="4" branch="False" />
            <line number="113" hits="37" branch="False" />
            <line number="128" hits="11" branch="False" />
            <line number="118" hits="4" branch="False" />
            <line number="119" hits="8" branch="False" />
            <line number="122" hits="15" branch="False" />
            <line number="123" hits="15" branch="False" />
            <line number="124" hits="15" branch="False" />
            <line number="125" hits="15" branch="False" />
          </lines>
        </class>
        <class name="Keda.Scaler.DurableTask.AzureStorage.TaskHub.TaskHubQueueMonitor" filename="C:\Git\durabletask-azurestorage-scaler\src\Keda.Scaler.DurableTask.AzureStorage\TaskHub\TaskHubQueueMonitor.cs" line-rate="1" branch-rate="1" complexity="8">
          <methods>
            <method name=".ctor" signature="(Keda.Scaler.DurableTask.AzureStorage.TaskHub.AzureStorageTaskHubInfo,Azure.Storage.Queues.QueueServiceClient,Microsoft.Extensions.Logging.ILogger)" line-rate="1" branch-rate="1" complexity="8">
              <lines>
                <line number="22" hits="7" branch="False" />
                <line number="23" hits="7" branch="False" />
                <line number="24" hits="7" branch="True" condition-coverage="100% (2/2)">
                  <conditions>
                    <condition number="11" type="jump" coverage="100%" />
                  </conditions>
                </line>
                <line number="25" hits="6" branch="True" condition-coverage="100% (2/2)">
                  <conditions>
                    <condition number="41" type="jump" coverage="100%" />
                  </conditions>
                </line>
                <line number="26" hits="1" branch="False" />
                <line number="28" hits="5" branch="True" condition-coverage="100% (2/2)">
                  <conditions>
                    <condition number="62" type="jump" coverage="100%" />
                  </conditions>
                </line>
                <line number="29" hits="4" branch="True" condition-coverage="100% (2/2)">
                  <conditions>
                    <condition number="84" type="jump" coverage="100%" />
                  </conditions>
                </line>
                <line number="30" hits="3" branch="False" />
              </lines>
            </method>
          </methods>
          <lines>
            <line number="22" hits="7" branch="False" />
            <line number="23" hits="7" branch="False" />
            <line number="24" hits="7" branch="True" condition-coverage="100% (2/2)">
              <conditions>
                <condition number="11" type="jump" coverage="100%" />
              </conditions>
            </line>
            <line number="25" hits="6" branch="True" condition-coverage="100% (2/2)">
              <conditions>
                <condition number="41" type="jump" coverage="100%" />
              </conditions>
            </line>
            <line number="26" hits="1" branch="False" />
            <line number="28" hits="5" branch="True" condition-coverage="100% (2/2)">
              <conditions>
                <condition number="62" type="jump" coverage="100%" />
              </conditions>
            </line>
            <line number="29" hits="4" branch="True" condition-coverage="100% (2/2)">
              <conditions>
                <condition number="84" type="jump" coverage="100%" />
              </conditions>
            </line>
            <line number="30" hits="3" branch="False" />
          </lines>
        </class>
        <class name="Keda.Scaler.DurableTask.AzureStorage.TaskHub.TaskHubQueueMonitor/&lt;GetUsageAsync&gt;d__4" filename="C:\Git\durabletask-azurestorage-scaler\src\Keda.Scaler.DurableTask.AzureStorage\TaskHub\TaskHubQueueMonitor.cs" line-rate="1" branch-rate="1" complexity="2">
          <methods>
            <method name="MoveNext" signature="()" line-rate="1" branch-rate="1" complexity="2">
              <lines>
                <line number="33" hits="3" branch="False" />
                <line number="35" hits="3" branch="False" />
                <line number="38" hits="34" branch="True" condition-coverage="100% (2/2)">
                  <conditions>
                    <condition number="462" type="jump" coverage="100%" />
                  </conditions>
                </line>
                <line number="39" hits="15" branch="False" />
                <line number="40" hits="15" branch="False" />
                <line number="43" hits="15" branch="False" />
                <line number="44" hits="15" branch="False" />
                <line number="45" hits="14" branch="False" />
                <line number="46" hits="14" branch="False" />
                <line number="47" hits="1" branch="False" />
                <line number="48" hits="1" branch="False" />
                <line number="49" hits="1" branch="False" />
                <line number="50" hits="1" branch="False" />
                <line number="52" hits="14" branch="False" />
                <line number="55" hits="2" branch="False" />
                <line number="58" hits="2" branch="False" />
                <line number="59" hits="2" branch="False" />
                <line number="60" hits="1" branch="False" />
                <line number="61" hits="1" branch="False" />
                <line number="62" hits="1" branch="False" />
                <line number="63" hits="1" branch="False" />
                <line number="64" hits="1" branch="False" />
                <line number="65" hits="1" branch="False" />
[...]
          <methods>
            <method name="GetEnvironmentVariable" signature="(System.String)" line-rate="1" branch-rate="1" complexity="2">
              <lines>
                <line number="19" hits="2" branch="False" />
                <line number="20" hits="2" branch="True" condition-coverage="100% (2/2)">
                  <conditions>
                    <condition number="20" type="jump" coverage="100%" />
                  </conditions>
                </line>
                <line number="21" hits="1" branch="False" />
                <line number="22" hits="1" branch="False" />
                <line number="23" hits="1" branch="False" />
                <line number="24" hits="1" branch="False" />
                <line number="26" hits="2" branch="False" />
                <line number="27" hits="2" branch="False" />
              </lines>
            </method>
            <method name=".ctor" signature="(Keda.Scaler.DurableTask.AzureStorage.Common.IProcessEnvironment)" line-rate="1" branch-rate="1" complexity="2">
              <lines>
                <line number="12" hits="2" branch="False" />
                <line number="14" hits="2" branch="False" />
                <line number="15" hits="2" branch="True" condition-coverage="100% (2/2)">
                  <conditions>
                    <condition number="21" type="jump" coverage="100%" />
                  </conditions>
                </line>
              </lines>
            </method>
          </methods>
          <lines>
            <line number="19" hits="2" branch="False" />
            <line number="20" hits="2" branch="True" condition-coverage="100% (2/2)">
              <conditions>
                <condition number="20" type="jump" coverage="100%" />
              </conditions>
            </line>
            <line number="21" hits="1" branch="False" />
            <line number="22" hits="1" branch="False" />
            <line number="23" hits="1" branch="False" />
            <line number="24" hits="1" branch="False" />
            <line number="26" hits="2" branch="False" />
            <line number="27" hits="2" branch="False" />
            <line number="12" hits="2" branch="False" />
            <line number="14" hits="2" branch="False" />
            <line number="15" hits="2" branch="True" condition-coverage="100% (2/2)">
              <conditions>
                <condition number="21" type="jump" coverage="100%" />
              </conditions>
            </line>
          </lines>
        </class>
        <class name="Keda.Scaler.DurableTask.AzureStorage.Common.ProcessEnvironment" filename="C:\Git\durabletask-azurestorage-scaler\src\Keda.Scaler.DurableTask.AzureStorage\Common\ProcessEnvironment.cs" line-rate="1" branch-rate="1" complexity="1">
          <methods>
            <method name="get_Current" signature="()" line-rate="1" branch-rate="1" complexity="1">
              <lines>
                <line number="17" hits="2" branch="False" />
              </lines>
            </method>
          </methods>
          <lines>
            <line number="17" hits="2" branch="False" />
          </lines>
        </class>
        <class name="Keda.Scaler.DurableTask.AzureStorage.Common.ProcessEnvironment/CurrentEnvironment" filename="C:\Git\durabletask-azurestorage-scaler\src\Keda.Scaler.DurableTask.AzureStorage\Common\ProcessEnvironment.cs" line-rate="1" branch-rate="1" complexity="1">
          <methods>
            <method name="GetEnvironmentVariable" signature="(System.String)" line-rate="1" branch-rate="1" complexity="1">
              <lines>
                <line number="22" hits="1" branch="False" />
              </lines>
            </method>
          </methods>
          <lines>
            <line number="22" hits="1" branch="False" />
          </lines>
        </class>
        <class name="Keda.Scaler.DurableTask.AzureStorage.Cloud.CloudEndpoints" filename="C:\Git\durabletask-azurestorage-scaler\src\Keda.Scaler.DurableTask.AzureStorage\Cloud\CloudEndpoints.cs" line-rate="1" branch-rate="1" complexity="15">
          <methods>
            <method name="get_Public" signature="()" line-rate="1" branch-rate="1" complexity="1">
              <lines>
                <line number="18" hits="21" branch="False" />
              </lines>
            </method>
            <method name="get_USGovernment" signature="()" line-rate="1" branch-rate="1" complexity="1">
              <lines>
                <line number="24" hits="7" branch="False" />
              </lines>
            </method>
            <method name="get_China" signature="()" line-rate="1" branch-rate="1" complexity="1">
              <lines>
                <line number="30" hits="5" branch="False" />
              </lines>
            </method>
            <method name="get_Germany" signature="()" line-rate="1" branch-rate="1" complexity="1">
              <lines>
                <line number="36" hits="5" branch="False" />
              </lines>
            </method>
            <method name="get_AuthorityHost" signature="()" line-rate="1" branch-rate="1" complexity="1">
              <lines>
                <line number="42" hits="13" branch="False" />
              </lines>
            </method>
            <method name="get_StorageSuffix" signature="()" line-rate="1" branch-rate="1" complexity="1">
              <lines>
                <line number="48" hits="23" branch="False" />
              </lines>
            </method>
            <method name="ForEnvironment" signature="(Keda.Scaler.DurableTask.AzureStorage.Cloud.CloudEnvironment)" line-rate="1" branch-rate="1" complexity="5">
              <lines>
                <line number="71" hits="11" branch="True" condition-coverage="100% (5/5)">
                  <conditions>
                    <condition number="7" type="switch" coverage="100%" />
                  </conditions>
                </line>
                <line number="72" hits="11" branch="False" />
                <line number="73" hits="6" branch="False" />
                <line number="74" hits="2" branch="False" />
                <line number="75" hits="1" branch="False" />
                <line number="76" hits="1" branch="False" />
                <line number="77" hits="1" branch="False" />
                <line number="78" hits="11" branch="False" />
              </lines>
            </method>
            <method name=".ctor" signature="(System.Uri,System.String)" line-rate="1" branch-rate="1" complexity="4">
              <lines>
                <line number="56" hits="7" branch="False" />
                <line number="57" hits="7" branch="False" />
                <line number="58" hits="7" branch="True" condition-coverage="100% (2/2)">
                  <conditions>
                    <condition number="11" type="jump" coverage="100%" />
                  </conditions>
                </line>
                <line number="59" hits="6" branch="True" condition-coverage="100% (2/2)">
                  <conditions>
                    <condition number="33" type="jump" coverage="100%" />
                  </conditions>
                </line>
                <line number="60" hits="5" branch="False" />
              </lines>
            </method>
          </methods>
          <lines>
            <line number="18" hits="21" branch="False" />
            <line number="24" hits="7" branch="False" />
            <line number="30" hits="5" branch="False" />
            <line number="36" hits="5" branch="False" />
            <line number="42" hits="13" branch="False" />
            <line number="48" hits="23" branch="False" />
            <line number="71" hits="11" branch="True" condition-coverage="100% (5/5)">
              <conditions>
                <condition number="7" type="switch" coverage="100%" />
              </conditions>
            </line>
            <line number="72" hits="11" branch="False" />
            <line number="73" hits="6" branch="False" />
            <line number="74" hits="2" branch="False" />
            <line number="75" hits="1" branch="False" />
            <line number="76" hits="1" branch="False" />
            <line number="77" hits="1" branch="False" />
            <line number="78" hits="11" branch="False" />
            <line number="56" hits="7" branch="False" />
            <line number="57" hits="7" branch="False" />
            <line number="58" hits="7" branch="True" condition-coverage="100% (2/2)">
              <conditions>
                <condition number="11" type="jump" coverage="100%" />
              </conditions>
            </line>
            <line number="59" hits="6" branch="True" condition-coverage="100% (2/2)">
              <conditions>
                <condition number="33" type="jump" coverage="100%" />
              </conditions>
            </line>
            <line number="60" hits="5" branch="False" />
          </lines>
        </class>
        <class name="Keda.Scaler.DurableTask.AzureStorage.Blobs.LeasesContainer" filename="C:\Git\durabletask-azurestorage-scaler\src\Keda.Scaler.DurableTask.AzureStorage\Blobs\LeasesContainer.cs" line-rate="1" branch-rate="1" complexity="2">
          <methods>
            <method name="GetName" signature="(System.String)" line-rate="1" branch-rate="1" complexity="2">
              <lines>
                <line number="15" hits="9" branch="True" condition-coverage="100% (2/2)">
                  <conditions>
                    <condition number="1" type="jump" coverage="100%" />
                  </conditions>
                </line>
              </lines>
            </method>
          </methods>
          <lines>
            <line number="15" hits="9" branch="True" condition-coverage="100% (2/2)">
              <conditions>
                <condition number="1" type="jump" coverage="100%" />
              </conditions>
            </line>
          </lines>
        </class>
        <class name="Keda.Scaler.DurableTask.AzureStorage.Accounts.AzureStorageAccountClientFactory`1" filename="C:\Git\durabletask-azurestorage-scaler\src\Keda.Scaler.DurableTask.AzureStorage\Accounts\AzureStorageAccountClientFactory.cs" line-rate="1" branch-rate="1" complexity="12">
          <methods>
            <method name="GetServiceClient" signature="(Keda.Scaler.DurableTask.AzureStorage.Accounts.AzureStorageAccountInfo)" line-rate="1" branch-rate="1" complexity="12">
              <lines>
                <line number="15" hits="12" branch="False" />
                <line number="16" hits="12" branch="True" condition-coverage="100% (2/2)">
                  <conditions>
                    <condition number="7" type="jump" coverage="100%" />
                  </conditions>
                </line>
                <line number="17" hits="2" branch="False" />
                <line number="19" hits="10" branch="True" condition-coverage="100% (2/2)">
                  <conditions>
                    <condition number="33" type="jump" coverage="100%" />
                  </conditions>
                </line>
                <line number="20" hits="8" branch="False" />
                <line number="21" hits="8" branch="True" condition-coverage="100% (2/2)">
                  <conditions>
                    <condition number="54" type="jump" coverage="100%" />
                  </conditions>
                </line>
                <line number="22" hits="2" branch="False" />
                <line number="24" hits="6" branch="True" condition-coverage="100% (2/2)">
                  <conditions>
                    <condition number="95" type="jump" coverage="100%" />
                  </conditions>
                </line>
                <line number="25" hits="2" branch="False" />
                <line number="27" hits="4" branch="True" condition-coverage="100% (2/2)">
                  <conditions>
                    <condition number="148" type="jump" coverage="100%" />
                  </conditions>
                </line>
                <line number="28" hits="4" branch="False" />
                <line number="30" hits="4" branch="True" condition-coverage="100% (2/2)">
                  <conditions>
                    <condition number="195" type="jump" coverage="100%" />
                  </conditions>
                </line>
                <line number="31" hits="2" branch="False" />
                <line number="32" hits="2" branch="False" />
                <line number="33" hits="2" branch="False" />
                <line number="34" hits="2" branch="False" />
                <line number="36" hits="2" branch="False" />
                <line number="39" hits="2" branch="False" />
                <line number="40" hits="2" branch="False" />
                <line number="44" hits="2" branch="False" />
                <line number="45" hits="2" branch="False" />
                <line number="47" hits="6" branch="False" />
              </lines>
            </method>
          </methods>
          <lines>
            <line number="15" hits="12" branch="False" />
            <line number="16" hits="12" branch="True" condition-coverage="100% (2/2)">
              <conditions>
                <condition number="7" type="jump" coverage="100%" />
              </conditions>
            </line>
            <line number="17" hits="2" branch="False" />
            <line number="19" hits="10" branch="True" condition-coverage="100% (2/2)">
              <conditions>
                <condition number="33" type="jump" coverage="100%" />
              </conditions>
            </line>
            <line number="20" hits="8" branch="False" />
            <line number="21" hits="8" branch="True" condition-coverage="100% (2/2)">
              <conditions>
                <condition number="54" type="jump" coverage="100%" />
              </conditions>
            </line>
            <line number="22" hits="2" branch="False" />
            <line number="24" hits="6" branch="True" condition-coverage="100% (2/2)">
              <conditions>
                <condition number="95" type="jump" coverage="100%" />
              </conditions>
            </line>
            <line number="25" hits="2" branch="False" />
            <line number="27" hits="4" branch="True" condition-coverage="100% (2/2)">
              <conditions>
                <condition number="148" type="jump" coverage="100%" />
              </conditions>
            </line>
            <line number="28" hits="4" branch="False" />
            <line number="30" hits="4" branch="True" condition-coverage="100% (2/2)">
              <conditions>
                <condition number="195" type="jump" coverage="100%" />
              </conditions>
            </line>
            <line number="31" hits="2" branch="False" />
            <line number="32" hits="2" branch="False" />
            <line number="33" hits="2" branch="False" />
            <line number="34" hits="2" branch="False" />
            <line number="36" hits="2" branch="False" />
            <line number="39" hits="2" branch="False" />
            <line number="40" hits="2" branch="False" />
            <line number="44" hits="2" branch="False" />
            <line number="45" hits="2" branch="False" />
            <line number="47" hits="6" branch="False" />
          </lines>
        </class>
        <class name="Keda.Scaler.DurableTask.AzureStorage.Accounts.AzureStorageAccountInfo" filename="C:\Git\durabletask-azurestorage-scaler\src\Keda.Scaler.DurableTask.AzureStorage\Accounts\AzureStorageAccountInfo.cs" line-rate="1" branch-rate="1" complexity="5">
          <methods>
            <method name="get_AccountName" signature="()" line-rate="1" branch-rate="1" complexity="1">
              <lines>
                <line number="20" hits="38" branch="False" />
              </lines>
            </method>
            <method name="get_ClientId" signature="()" line-rate="1" branch-rate="1" complexity="1">
              <lines>
                <line number="31" hits="19" branch="False" />
              </lines>
            </method>
            <method name="get_Cloud" signature="()" line-rate="1" branch-rate="1" complexity="1">
              <lines>
                <line number="37" hits="43" branch="False" />
              </lines>
            </method>
            <method name="get_ConnectionString" signature="()" line-rate="1" branch-rate="1" complexity="1">
              <lines>
                <line number="49" hits="32" branch="False" />
              </lines>
            </method>
            <method name="get_Credential" signature="()" line-rate="1" branch-rate="1" complexity="1">
              <lines>
                <line number="59" hits="23" branch="False" />
              </lines>
            </method>
          </methods>
          <lines>
            <line number="20" hits="38" branch="False" />
            <line number="31" hits="19" branch="False" />
            <line number="37" hits="43" branch="False" />
            <line number="49" hits="32" branch="False" />
            <line number="59" hits="23" branch="False" />
          </lines>
        </class>
        <class name="Keda.Scaler.DurableTask.AzureStorage.Accounts.BlobServiceClientFactory" filename="C:\Git\durabletask-azurestorage-scaler\src\Keda.Scaler.DurableTask.AzureStorage\Accounts\BlobServiceClientFactory.cs" line-rate="1" branch-rate="1" complexity="3">
          <methods>
            <method name="CreateServiceClient" signature="(System.String)" line-rate="1" branch-rate="1" complexity="1">
              <lines>
                <line number="13" hits="1" branch="False" />
              </lines>
            </method>
            <method name="CreateServiceClient" signature="(System.Uri)" line-rate="1" branch-rate="1" complexity="1">
              <lines>
                <line number="16" hits="1" branch="False" />
              </lines>
            </method>
            <method name="CreateServiceClient" signature="(System.Uri,Azure.Core.TokenCredential)" line-rate="1" branch-rate="1" complexity="1">
              <lines>
                <line number="19" hits="1" branch="False" />
              </lines>
            </method>
          </methods>
          <lines>
            <line number="13" hits="1" branch="False" />
            <line number="16" hits="1" branch="False" />
            <line number="19" hits="1" branch="False" />
          </lines>
        </class>
        <class name="Keda.Scaler.DurableTask.AzureStorage.Accounts.QueueServiceClientFactory" filename="C:\Git\durabletask-azurestorage-scaler\src\Keda.Scaler.DurableTask.AzureStorage\Accounts\QueueServiceClient.cs" line-rate="1" branch-rate="1" complexity="3">
          <methods>
            <method name="CreateServiceClient" signature="(System.String)" line-rate="1" branch-rate="1" complexity="1">
              <lines>
                <line number="13" hits="1" branch="False" />
              </lines>
            </method>
            <method name="CreateServiceClient" signature="(System.Uri)" line-rate="1" branch-rate="1" complexity="1">
              <lines>
                <line number="16" hits="1" branch="False" />
              </lines>
            </method>
            <method name="CreateServiceClient" signature="(System.Uri,Azure.Core.TokenCredential)" line-rate="1" branch-rate="1" complexity="1">
              <lines>
                <line number="19" hits="1" branch="False" />
              </lines>
            </method>
          </methods>
          <lines>
            <line number="13" hits="1" branch="False" />
            <line number="16" hits="1" branch="False" />
            <line number="19" hits="1" branch="False" />
          </lines>
        </class>
      </classes>
    </package>
  </packages>
</coverage>